<?xml version="1.0" encoding="UTF-8"?>
<!-- Generated by org.testng.reporters.JUnitReportReporter -->
<testsuite skipped="0" hostname="s-PC" name="com.mystore.testcases.HomePageTest" tests="5" failures="0" timestamp="14 Aug 2020 17:22:27 GMT" time="230.942" errors="1">
  <testcase name="HomePageClickCartTest" time="45.231" classname="com.mystore.testcases.HomePageTest"/>
  <testcase name="HomePageClickMyWishListTest" time="46.118" classname="com.mystore.testcases.HomePageTest"/>
  <testcase name="HomePageClickOrderHistoryTest" time="50.569" classname="com.mystore.testcases.HomePageTest"/>
  <testcase name="HomePageClickMyPersonalInfoTest" time="45.281" classname="com.mystore.testcases.HomePageTest"/>
  <testcase name="HomePageClickMyAddressTest" time="43.743" classname="com.mystore.testcases.HomePageTest">
    <error type="java.lang.ClassCastException" message="com.sun.proxy.$Proxy12 cannot be cast to java.util.List">
      <![CDATA[java.lang.ClassCastException: com.sun.proxy.$Proxy12 cannot be cast to java.util.List
	at com.mystore.pageobjectmodel.MyAddressPage.printAddress(MyAddressPage.java:23)
	at com.mystore.testcases.HomePageTest.HomePageClickMyAddressTest(HomePageTest.java:121)
	at sun.reflect.NativeMethodAccessorImpl.invoke0(Native Method)
	at sun.reflect.NativeMethodAccessorImpl.invoke(NativeMethodAccessorImpl.java:62)
	at sun.reflect.DelegatingMethodAccessorImpl.invoke(DelegatingMethodAccessorImpl.java:43)
	at java.lang.reflect.Method.invoke(Method.java:498)
	at org.testng.internal.MethodInvocationHelper.invokeMethod(MethodInvocationHelper.java:108)
	at org.testng.internal.Invoker.invokeMethod(Invoker.java:661)
	at org.testng.internal.Invoker.invokeTestMethod(Invoker.java:869)
	at org.testng.internal.Invoker.invokeTestMethods(Invoker.java:1193)
	at org.testng.internal.TestMethodWorker.invokeTestMethods(TestMethodWorker.java:126)
	at org.testng.internal.TestMethodWorker.run(TestMethodWorker.java:109)
	at org.testng.TestRunner.privateRun(TestRunner.java:744)
	at org.testng.TestRunner.run(TestRunner.java:602)
	at org.testng.SuiteRunner.runTest(SuiteRunner.java:380)
	at org.testng.SuiteRunner.runSequentially(SuiteRunner.java:375)
	at org.testng.SuiteRunner.privateRun(SuiteRunner.java:340)
	at org.testng.SuiteRunner.run(SuiteRunner.java:289)
	at org.testng.SuiteRunnerWorker.runSuite(SuiteRunnerWorker.java:52)
	at org.testng.SuiteRunnerWorker.run(SuiteRunnerWorker.java:86)
	at org.testng.TestNG.runSuitesSequentially(TestNG.java:1301)
	at org.testng.TestNG.runSuitesLocally(TestNG.java:1226)
	at org.testng.TestNG.runSuites(TestNG.java:1144)
	at org.testng.TestNG.run(TestNG.java:1115)
	at org.testng.remote.AbstractRemoteTestNG.run(AbstractRemoteTestNG.java:115)
	at org.testng.remote.RemoteTestNG.initAndRun(RemoteTestNG.java:251)
	at org.testng.remote.RemoteTestNG.main(RemoteTestNG.java:77)
]]>
    </error>
  </testcase> <!-- HomePageClickMyAddressTest -->
</testsuite> <!-- com.mystore.testcases.HomePageTest -->
